Arguments: 
  /usr/local/bin/node /Users/zhujinhao/.yarn/bin/yarn.js install

PATH: 
  /Users/zhujinhao/.yarn/bin:/Users/zhujinhao/.config/yarn/global/node_modules/.bin:/usr/local/bin:/usr/bin:/bin:/usr/sbin:/sbin:/Users/zhujinhao/.composer/vendor/bin

Yarn version: 
  1.9.4

Node version: 
  10.9.0

Platform: 
  darwin x64

Trace: 
  SyntaxError: /Users/zhujinhao/Desktop/exc/github/daily-english/weapp/package.json: Unexpected token } in JSON at position 1134
      at JSON.parse (<anonymous>)
      at /Users/zhujinhao/.yarn/lib/cli.js:1130:59
      at Generator.next (<anonymous>)
      at step (/Users/zhujinhao/.yarn/lib/cli.js:92:30)
      at /Users/zhujinhao/.yarn/lib/cli.js:103:13

npm manifest: 
  {
      "name": "10fund",
      "version": "1.0.0",
      "description": "10fund",
      "main": "gulpfile.js",
      "scripts": {
          "build": "gulp",
          "dev": "gulp watch",
          "page": "gulp template --pages",
          "com": "gulp template --components",
          "changelog": "conventional-changelog -p angular -i CHANGELOG.md -s -r 0",
          "test": "echo \"Error: no test specified\" && exit 1"
      },
      "keywords": [
          "miniprogram",
          "cloud",
          "blog"
      ],
      "dependencies": {
          "lodash": ">=4.17.5",
          "minimatch": ">=3.0.2",
          "wx-server-sdk": "0.0.25"
      },
      "devDependencies": {
          "autoprefixer": "9.3.1",
          "babel-core": "6.26.3",
          "babel-loader": "7",
          "eslint-friendly-formatter": "4.0.1",
          "gulp": "3.9.1",
          "gulp-cssnano": "2.1.3",
          "gulp-eslint": "5.0.0",
          "gulp-less": "4.0.1",
          "gulp-postcss": "8.0.0",
          "gulp-rename": "1.4.0",
          "gulp-sequence": "1.0.0",
          "require-dir": "1.1.0",
          "vinyl-named": "1.1.0",
          "webpack": "3.4.1",
          "webpack-stream": "5.1.1"
      },
  }

yarn manifest: 
  No manifest

Lockfile: 
  No lockfile
